mode: atomic
github.com/CodeLieutenant/uberfx-common/v3/configfx/configfx.go:10.44,21.16 2 0
github.com/CodeLieutenant/uberfx-common/v3/configfx/configfx.go:21.16,24.3 2 0
github.com/CodeLieutenant/uberfx-common/v3/configfx/configfx.go:26.2,26.27 1 0
github.com/CodeLieutenant/uberfx-common/v3/configfx/configfx.go:29.53,32.40 2 0
github.com/CodeLieutenant/uberfx-common/v3/configfx/configfx.go:32.40,34.3 1 0
github.com/CodeLieutenant/uberfx-common/v3/configfx/configfx.go:36.2,36.15 1 0
github.com/CodeLieutenant/uberfx-common/v3/configfx/configfx.go:39.37,44.2 1 0
github.com/CodeLieutenant/uberfx-common/v3/databasesfx/postgres.go:32.85,34.16 2 0
github.com/CodeLieutenant/uberfx-common/v3/databasesfx/postgres.go:34.16,36.3 1 0
github.com/CodeLieutenant/uberfx-common/v3/databasesfx/postgres.go:38.2,38.93 1 0
github.com/CodeLieutenant/uberfx-common/v3/databasesfx/postgres.go:41.51,43.48 1 0
github.com/CodeLieutenant/uberfx-common/v3/databasesfx/postgres.go:43.48,47.18 4 0
github.com/CodeLieutenant/uberfx-common/v3/databasesfx/postgres.go:47.18,49.5 1 0
github.com/CodeLieutenant/uberfx-common/v3/databasesfx/postgres.go:51.4,51.56 1 0
github.com/CodeLieutenant/uberfx-common/v3/databasesfx/postgres.go:51.56,54.5 2 0
github.com/CodeLieutenant/uberfx-common/v3/databasesfx/postgres.go:56.4,56.20 1 0
github.com/CodeLieutenant/uberfx-common/v3/databasesfx/postgres.go:61.91,63.47 1 0
github.com/CodeLieutenant/uberfx-common/v3/databasesfx/postgres.go:63.47,65.4 1 0
github.com/CodeLieutenant/uberfx-common/v3/databasesfx/postgres.go:69.61,81.2 1 0
github.com/CodeLieutenant/uberfx-common/v3/databasesfx/postgres.go:83.52,84.20 1 0
github.com/CodeLieutenant/uberfx-common/v3/databasesfx/postgres.go:84.20,96.3 1 0
github.com/CodeLieutenant/uberfx-common/v3/databasesfx/postgres.go:98.2,109.3 1 0
github.com/CodeLieutenant/uberfx-common/v3/loggerfx/loggerfx.go:38.41,40.49 1 0
github.com/CodeLieutenant/uberfx-common/v3/loggerfx/loggerfx.go:40.49,42.18 2 0
github.com/CodeLieutenant/uberfx-common/v3/loggerfx/loggerfx.go:42.18,44.5 1 0
github.com/CodeLieutenant/uberfx-common/v3/loggerfx/loggerfx.go:46.4,46.21 1 0
github.com/CodeLieutenant/uberfx-common/v3/loggerfx/loggerfx.go:46.21,48.5 1 0
github.com/CodeLieutenant/uberfx-common/v3/loggerfx/loggerfx.go:50.4,54.18 1 0
github.com/CodeLieutenant/uberfx-common/v3/loggerfx/loggerfx.go:56.41,58.18 2 0
github.com/CodeLieutenant/uberfx-common/v3/loggerfx/loggerfx.go:58.18,60.5 1 0
github.com/CodeLieutenant/uberfx-common/v3/loggerfx/loggerfx.go:62.4,62.21 1 0
github.com/CodeLieutenant/uberfx-common/v3/loggerfx/loggerfx.go:62.21,64.5 1 0
github.com/CodeLieutenant/uberfx-common/v3/loggerfx/loggerfx.go:67.4,70.14 3 0
github.com/CodeLieutenant/uberfx-common/v3/loggerfx/loggerfx.go:75.67,76.19 1 0
github.com/CodeLieutenant/uberfx-common/v3/loggerfx/loggerfx.go:77.14,78.23 1 0
github.com/CodeLieutenant/uberfx-common/v3/loggerfx/loggerfx.go:78.23,80.4 1 0
github.com/CodeLieutenant/uberfx-common/v3/loggerfx/loggerfx.go:82.3,82.29 1 0
github.com/CodeLieutenant/uberfx-common/v3/loggerfx/loggerfx.go:83.14,84.23 1 0
github.com/CodeLieutenant/uberfx-common/v3/loggerfx/loggerfx.go:84.23,85.67 1 0
github.com/CodeLieutenant/uberfx-common/v3/loggerfx/loggerfx.go:85.67,87.5 1 0
github.com/CodeLieutenant/uberfx-common/v3/loggerfx/loggerfx.go:90.3,90.29 1 0
github.com/CodeLieutenant/uberfx-common/v3/loggerfx/loggerfx.go:91.12,92.26 1 0
github.com/CodeLieutenant/uberfx-common/v3/loggerfx/loggerfx.go:92.26,94.4 1 0
github.com/CodeLieutenant/uberfx-common/v3/loggerfx/loggerfx.go:96.3,98.37 2 0
github.com/CodeLieutenant/uberfx-common/v3/loggerfx/loggerfx.go:99.15,100.14 1 0
github.com/CodeLieutenant/uberfx-common/v3/loggerfx/loggerfx.go:101.21,102.23 1 0
github.com/CodeLieutenant/uberfx-common/v3/loggerfx/loggerfx.go:103.11,104.48 1 0
github.com/CodeLieutenant/uberfx-common/v3/loggerfx/loggerfx.go:107.3,108.17 2 0
github.com/CodeLieutenant/uberfx-common/v3/loggerfx/loggerfx.go:108.17,110.4 1 0
github.com/CodeLieutenant/uberfx-common/v3/loggerfx/loggerfx.go:112.3,112.26 1 0
github.com/CodeLieutenant/uberfx-common/v3/loggerfx/loggerfx.go:112.26,114.4 1 0
github.com/CodeLieutenant/uberfx-common/v3/loggerfx/loggerfx.go:115.10,116.38 1 0
github.com/CodeLieutenant/uberfx-common/v3/http/fiber/fiberfx/fiberfx.go:21.49,23.2 1 0
github.com/CodeLieutenant/uberfx-common/v3/http/fiber/fiberfx/fiberfx.go:25.76,26.92 1 0
github.com/CodeLieutenant/uberfx-common/v3/http/fiber/fiberfx/fiberfx.go:26.92,28.45 1 0
github.com/CodeLieutenant/uberfx-common/v3/http/fiber/fiberfx/fiberfx.go:28.45,30.15 2 0
github.com/CodeLieutenant/uberfx-common/v3/http/fiber/fiberfx/fiberfx.go:30.15,30.39 1 0
github.com/CodeLieutenant/uberfx-common/v3/http/fiber/fiberfx/fiberfx.go:31.5,31.15 1 0
github.com/CodeLieutenant/uberfx-common/v3/http/fiber/fiberfx/fiberfx.go:33.44,38.5 4 0
github.com/CodeLieutenant/uberfx-common/v3/http/fiber/fiberfx/fiberfx.go:46.41,48.2 1 0
github.com/CodeLieutenant/uberfx-common/v3/http/fiber/fiberfx/fiberfx.go:50.72,55.30 2 0
github.com/CodeLieutenant/uberfx-common/v3/http/fiber/fiberfx/fiberfx.go:55.30,57.3 1 0
github.com/CodeLieutenant/uberfx-common/v3/http/fiber/fiberfx/fiberfx.go:59.2,61.27 1 0
github.com/CodeLieutenant/uberfx-common/v3/http/fiber/fiberfx/fiberfx.go:61.27,63.5 1 0
github.com/CodeLieutenant/uberfx-common/v3/http/fiber/fiberfx/fiberfx.go:68.98,71.32 2 0
github.com/CodeLieutenant/uberfx-common/v3/http/fiber/fiberfx/fiberfx.go:71.32,74.24 2 0
github.com/CodeLieutenant/uberfx-common/v3/http/fiber/fiberfx/fiberfx.go:74.24,76.7 1 0
github.com/CodeLieutenant/uberfx-common/v3/http/fiber/fiberfx/fiberfx.go:76.12,78.7 1 0
github.com/CodeLieutenant/uberfx-common/v3/http/fiber/fiberfx/fiberfx.go:80.6,80.44 1 0
github.com/CodeLieutenant/uberfx-common/v3/http/fiber/fiberfx/fiberfx.go:80.44,82.7 1 0
github.com/CodeLieutenant/uberfx-common/v3/http/fiber/fiberfx/fiberfx.go:84.6,84.77 1 0
github.com/CodeLieutenant/uberfx-common/v3/http/fiber/fiberfx/fiberfx.go:84.77,86.7 1 0
github.com/CodeLieutenant/uberfx-common/v3/http/fiber/fiberfx/fiberfx.go:89.5,89.15 1 0
github.com/CodeLieutenant/uberfx-common/v3/http/fiber/fiberfx/handler.go:5.65,7.2 1 0
github.com/CodeLieutenant/uberfx-common/v3/http/fiber/fiberfx/handler.go:9.48,11.2 1 0
github.com/CodeLieutenant/uberfx-common/v3/http/fiber/fiberfx/options.go:14.47,15.32 1 0
github.com/CodeLieutenant/uberfx-common/v3/http/fiber/fiberfx/options.go:15.32,17.3 1 0
github.com/CodeLieutenant/uberfx-common/v3/http/fiber/fiberfx/options.go:20.63,21.32 1 0
github.com/CodeLieutenant/uberfx-common/v3/http/fiber/fiberfx/options.go:21.32,23.3 1 0
github.com/CodeLieutenant/uberfx-common/v3/http/fiber/fiberfx/router.go:10.44,12.2 1 0
github.com/CodeLieutenant/uberfx-common/v3/http/fiber/fiberfx/router.go:14.85,16.2 1 0
github.com/CodeLieutenant/uberfx-common/v3/http/fiber/fiberfx/router.go:18.45,20.2 1 0
github.com/CodeLieutenant/uberfx-common/v3/http/fiber/fiberfx/router.go:22.86,24.2 1 0
github.com/CodeLieutenant/uberfx-common/v3/http/fiber/fiberfx/router.go:26.44,28.2 1 0
github.com/CodeLieutenant/uberfx-common/v3/http/fiber/fiberfx/router.go:30.85,32.2 1 0
github.com/CodeLieutenant/uberfx-common/v3/http/fiber/fiberfx/router.go:34.46,36.2 1 0
github.com/CodeLieutenant/uberfx-common/v3/http/fiber/fiberfx/router.go:38.87,40.2 1 0
github.com/CodeLieutenant/uberfx-common/v3/http/fiber/fiberfx/router.go:42.47,44.2 1 0
github.com/CodeLieutenant/uberfx-common/v3/http/fiber/fiberfx/router.go:46.88,48.2 1 0
github.com/CodeLieutenant/uberfx-common/v3/http/fiber/fiberfx/router.go:50.54,52.2 1 0
github.com/CodeLieutenant/uberfx-common/v3/http/fiber/fiberfx/router.go:62.95,63.48 1 0
github.com/CodeLieutenant/uberfx-common/v3/http/fiber/fiberfx/router.go:63.48,70.39 1 0
github.com/CodeLieutenant/uberfx-common/v3/http/fiber/fiberfx/router.go:70.39,78.6 1 0
github.com/CodeLieutenant/uberfx-common/v3/http/fiber/fiberfx/routes.go:18.45,19.33 1 0
github.com/CodeLieutenant/uberfx-common/v3/http/fiber/fiberfx/routes.go:19.33,21.3 1 0
github.com/CodeLieutenant/uberfx-common/v3/http/fiber/fiberfx/routes.go:24.61,25.33 1 0
github.com/CodeLieutenant/uberfx-common/v3/http/fiber/fiberfx/routes.go:25.33,27.3 1 0
github.com/CodeLieutenant/uberfx-common/v3/http/fiber/fiberfx/routes.go:30.62,33.25 2 0
github.com/CodeLieutenant/uberfx-common/v3/http/fiber/fiberfx/routes.go:33.25,35.3 1 0
github.com/CodeLieutenant/uberfx-common/v3/http/fiber/fiberfx/routes.go:37.2,37.40 1 0
github.com/CodeLieutenant/uberfx-common/v3/http/fiber/fiberfx/routes.go:37.40,38.63 1 0
github.com/CodeLieutenant/uberfx-common/v3/http/fiber/fiberfx/routes.go:38.63,40.4 1 0
github.com/CodeLieutenant/uberfx-common/v3/http/fiber/fiberfx/routes.go:42.3,42.20 1 0
github.com/CodeLieutenant/uberfx-common/v3/http/fiber/fiberfx/routes.go:42.20,44.4 1 0
github.com/CodeLieutenant/uberfx-common/v3/http/fiber/fiberfx/routes.go:46.3,47.36 1 0
github.com/CodeLieutenant/uberfx-common/v3/http/fiber/fiberfx/routes.go:47.36,49.5 1 0
github.com/CodeLieutenant/uberfx-common/v3/http/fiber/context.go:11.32,12.38 1 1
github.com/CodeLieutenant/uberfx-common/v3/http/fiber/context.go:12.38,22.34 6 1
github.com/CodeLieutenant/uberfx-common/v3/http/fiber/context.go:22.34,24.4 1 1
github.com/CodeLieutenant/uberfx-common/v3/http/fiber/context.go:26.3,26.13 1 1
github.com/CodeLieutenant/uberfx-common/v3/http/fiber/error.go:19.42,21.2 1 1
github.com/CodeLieutenant/uberfx-common/v3/http/fiber/error.go:23.110,24.47 1 1
github.com/CodeLieutenant/uberfx-common/v3/http/fiber/error.go:24.47,25.21 1 0
github.com/CodeLieutenant/uberfx-common/v3/http/fiber/error.go:25.21,26.68 1 0
github.com/CodeLieutenant/uberfx-common/v3/http/fiber/error.go:26.68,28.5 1 0
github.com/CodeLieutenant/uberfx-common/v3/http/fiber/error.go:31.3,33.46 2 0
github.com/CodeLieutenant/uberfx-common/v3/http/fiber/error.go:33.46,37.4 1 0
github.com/CodeLieutenant/uberfx-common/v3/http/fiber/error.go:39.3,41.33 2 0
github.com/CodeLieutenant/uberfx-common/v3/http/fiber/error.go:41.33,45.5 1 0
github.com/CodeLieutenant/uberfx-common/v3/http/fiber/error.go:48.3,50.38 2 0
github.com/CodeLieutenant/uberfx-common/v3/http/fiber/error.go:50.38,52.5 1 0
github.com/CodeLieutenant/uberfx-common/v3/http/fiber/error.go:55.3,61.5 2 0
github.com/CodeLieutenant/uberfx-common/v3/http/fiber/http.go:13.55,17.16 3 0
github.com/CodeLieutenant/uberfx-common/v3/http/fiber/http.go:17.16,22.3 1 0
github.com/CodeLieutenant/uberfx-common/v3/http/fiber/http.go:24.2,26.16 2 0
github.com/CodeLieutenant/uberfx-common/v3/http/fiber/http.go:26.16,31.3 1 0
github.com/CodeLieutenant/uberfx-common/v3/http/fiber/http.go:52.79,55.18 2 0
github.com/CodeLieutenant/uberfx-common/v3/http/fiber/http.go:55.18,57.3 1 0
github.com/CodeLieutenant/uberfx-common/v3/http/fiber/http.go:59.2,64.18 4 0
github.com/CodeLieutenant/uberfx-common/v3/http/fiber/http.go:64.18,66.3 1 0
github.com/CodeLieutenant/uberfx-common/v3/http/fiber/http.go:68.2,68.12 1 0
